java.lang.NullPointerException
	at sun.jdbc.odbc.JdbcOdbcDriver.initialize(JdbcOdbcDriver.java:453)
	at sun.jdbc.odbc.JdbcOdbcDriver.connect(JdbcOdbcDriver.java:153)
	at java.sql.DriverManager.getConnection(Unknown Source)
	at java.sql.DriverManager.getConnection(Unknown Source)
	at org.apache.commons.dbcp.DriverManagerConnectionFactory.createConnection(DriverManagerConnectionFactory.java:48)
	at org.apache.commons.dbcp.PoolableConnectionFactory.makeObject(PoolableConnectionFactory.java:290)
	at org.apache.commons.pool.impl.GenericObjectPool.borrowObject(GenericObjectPool.java:840)
	at org.apache.commons.dbcp.PoolingDriver.connect(PoolingDriver.java:175)
	at java.sql.DriverManager.getConnection(Unknown Source)
	at java.sql.DriverManager.getConnection(Unknown Source)
	at com.osframework.datalibrary.common.Access.getConnection(Unknown Source)
	at com.osframework.datalibrary.common.DbConnection.getConnection(Unknown Source)
	at com.osframework.datalibrary.common.Access.reopenConnection(Unknown Source)
	at com.osframework.datalibrary.common.Access.executeQuery(Unknown Source)
	at com.osrmt.appclient.setup.ConnectionManager.testConnection(Unknown Source)
	at com.osrmt.appclient.setup.Configuration$1.upgradeDatabase(Unknown Source)
	at com.osrmt.appclient.setup.MainManager.process(Unknown Source)
	at com.osrmt.appclient.setup.MainManager.displayState(Unknown Source)
	at com.osrmt.appclient.setup.Configuration.start(Unknown Source)
	at com.osrmt.appclient.setup.Configuration.main(Unknown Source)
